01_karelia team_1: #pRIlY Недостаточно данных :(
02_malinovka team_1: #I1uZE Недостаточно данных :(
03_campania_big team_1: #BSMQm Недостаточно данных :(
04_himmelsdorf team_1: #wbN3Q Недостаточно данных :(
05_prohorovka team_1: #ZZdLJ Недостаточно данных :(
06_ensk team_1: #ibuda Недостаточно данных :(
07_lakeville team_1: #u96or Недостаточно данных :(
08_ruinberg team_1: #fgWhn Недостаточно данных :(
01_karelia team_2: #T7eYC Недостаточно данных :(
02_malinovka team_2: #upCVq Недостаточно данных :(
03_campania_big team_2: #OusvZ Недостаточно данных :(
04_himmelsdorf team_2: #3VWJi Недостаточно данных :(
05_prohorovka team_2: #stQRD Недостаточно данных :(
06_ensk team_2: #j3Rzm Недостаточно данных :(
07_lakeville team_2: #OzTKi Недостаточно данных :(
08_ruinberg team_2: #5WMAT Недостаточно данных :(
101_dday team_1: #vDgpd Недостаточно данных :(
101_dday team_2: #8jqGY Недостаточно данных :(
105_germany team_1: #3iIj5 Недостаточно данных :(
10_hills team_1: #wtZOs Недостаточно данных :(
105_germany team_2: #UPxwt Недостаточно данных :(
10_hills team_2: #3k8K8 Недостаточно данных :(
112_eiffel_tower_ctf team_1: #T71Jl Недостаточно данных :(
112_eiffel_tower_ctf team_2: #Mq6SK Недостаточно данных :(
114_czech team_1: #h8KcK Недостаточно данных :(
115_sweden team_1: #rZxYJ Недостаточно данных :(
114_czech team_2: #SIYRt Недостаточно данных :(
115_sweden team_2: #Msg4m Недостаточно данных :(
11_murovanka team_1: #RQ70f Недостаточно данных :(
